Log file open, 04/04/17 15:51:18
LogInit:Display: Running engine for game: MyProject0404
LogPlatformFile: Not using cached read wrapper
LogInit:Display: RandInit(123404348) SRandInit(123404348).
LogTaskGraph: Started task graph with 5 named threads and 6 total threads with 1 sets of task threads.
LogStats: Stats thread started at 0.060936
LogInit: Using libcurl 7.47.1
LogInit:  - built for x86_64-pc-win32
LogInit:  - supports SSL with OpenSSL/1.0.2g
LogInit:  - supports HTTP deflate (compression) using libz 1.2.8
LogInit:  - other features:
LogInit:      CURL_VERSION_SSL
LogInit:      CURL_VERSION_LIBZ
LogInit:      CURL_VERSION_IPV6
LogInit:      CURL_VERSION_ASYNCHDNS
LogInit:      CURL_VERSION_LARGEFILE
LogInit:      CURL_VERSION_IDN
LogInit:  CurlRequestOptions (configurable via config and command line):
LogInit:  - bVerifyPeer = false  - Libcurl will NOT verify peer certificate
LogInit:  - bUseHttpProxy = false  - Libcurl will NOT use HTTP proxy
LogInit:  - bDontReuseConnections = false  - Libcurl will reuse connections
LogInit:  - CertBundlePath = nullptr  - Libcurl will use whatever was configured at build time.
LogInit: Build: ++UE4+Release-4.15-CL-3348071
LogInit: Engine Version: 4.15.1-3348071+++UE4+Release-4.15
LogInit: Compatible Engine Version: 4.15.0-3299760+++UE4+Release-4.15
LogInit: Net CL: 3299760
LogDevObjectVersion: Number of dev versions registered: 14
LogDevObjectVersion:   Dev-Blueprints (B0D832E4-1F89-4F0D-ACCF-7EB736FD4AA2): 8
LogDevObjectVersion:   Dev-Build (E1C64328-A22C-4D53-A36C-8E866417BD8C): 0
LogDevObjectVersion:   Dev-Core (375EC13C-06E4-48FB-B500-84F0262A717E): 2
LogDevObjectVersion:   Dev-Editor (E4B068ED-F494-42E9-A231-DA0B2E46BB41): 14
LogDevObjectVersion:   Dev-Framework (CFFC743F-43B0-4480-9391-14DF171D2073): 22
LogDevObjectVersion:   Dev-Mobile (B02B49B5-BB20-44E9-A304-32B752E40360): 0
LogDevObjectVersion:   Dev-Networking (A4E4105C-59A1-49B5-A7C5-40C4547EDFEE): 0
LogDevObjectVersion:   Dev-Online (39C831C9-5AE6-47DC-9A44-9C173E1C8E7C): 0
LogDevObjectVersion:   Dev-Physics (78F01B33-EBEA-4F98-B9B4-84EACCB95AA2): 0
LogDevObjectVersion:   Dev-Platform (6631380F-2D4D-43E0-8009-CF276956A95A): 0
LogDevObjectVersion:   Dev-Rendering (12F88B9F-8875-4AFC-A67C-D90C383ABD29): 12
LogDevObjectVersion:   Dev-Sequencer (7B5AE74C-D270-4C10-A958-57980B212A5A): 3
LogDevObjectVersion:   Dev-VR (D7296918-1DD6-4BDD-9DE2-64A83CC13884): 0
LogDevObjectVersion:   Dev-LoadTimes (C2A15278-BFE7-4AFE-6C17-90FF531DF755): 1
LogInit: Compiled (64-bit): Mar 15 2017 16:52:47
LogInit: Compiled with Visual C++: 19.00.23026.00
LogInit: Build Configuration: Development
LogInit: Branch Name: ++UE4+Release-4.15
LogInit: Command line: -EpicPortal 
LogInit: Base directory: D:/Program Files/Epic Games/UE_4.15/Engine/Binaries/Win64/
LogInit: Installed Engine Build: 1
LogInit: Presizing for max 8388607 objects, including 0 objects not considered by GC, pre-allocating 0 bytes for permanent pool.
LogInit: Object subsystem initialized
[2017.04.04-06.51.20:272][  0]LogInit: Selected Device Profile: [Windows]
[2017.04.04-06.51.20:272][  0]LogInit: Applying CVar settings loaded from the selected device profile: [Windows]
[2017.04.04-06.51.20:288][  0]LogInit: Computer: LAPTOP-GN62CNCK
[2017.04.04-06.51.20:288][  0]LogInit: User: yuto
[2017.04.04-06.51.20:288][  0]LogInit: CPU Page size=65536, Cores=2
[2017.04.04-06.51.20:288][  0]LogInit: High frequency timer resolution =2.531254 MHz
[2017.04.04-06.51.20:288][  0]LogMemory: Memory total: Physical=7.9GB (8GB approx)
[2017.04.04-06.51.20:288][  0]LogMemory: Platform Memory Stats for Windows
[2017.04.04-06.51.20:288][  0]LogMemory: Process Physical Memory: 263.27 MB used, 263.27 MB peak
[2017.04.04-06.51.20:288][  0]LogMemory: Process Virtual Memory: 262.35 MB used, 262.35 MB peak
[2017.04.04-06.51.20:288][  0]LogMemory: Physical Memory: 6017.48 MB used,  2064.43 MB free, 8081.91 MB total
[2017.04.04-06.51.20:288][  0]LogMemory: Virtual Memory: 642.98 MB used,  2064.43 MB free, 134217728.00 MB total
[2017.04.04-06.51.20:417][  0]LogTextLocalizationManager: No specific translations for ('ja-JP') exist, so ('ja') translations will be used.
[2017.04.04-06.51.20:553][  0]LogTextLocalizationManager:Warning: Loaded localization resources contain conflicting entries for (Namespace:UObjectToolTips, Key:AnimNode_AssetPlayerBase:bIgnoreForRelevancyTest):
Localization Resource: (D:/Program Files/Epic Games/UE_4.15/Engine/Content/Localization/EditorTutorials/ja/EditorTutorials.locres) Source String Hash: (319969718) Localized String: (真の場合、Relevant anim ノードはアニメーションで最も高いウェイトのものを無視します。
このノード)
Localization Resource: (D:/Program Files/Epic Games/UE_4.15/Engine/Content/Localization/Engine/ja/Engine.locres) Source String Hash: (319969718) Localized String: (真の場合、アニメーションで最も高いウェイトのものを無視するRelevant anim ノードは
このノードを無視します)
[2017.04.04-06.51.20:553][  0]LogTextLocalizationManager:Warning: Loaded localization resources contain conflicting entries for (Namespace:UObjectToolTips, Key:AnimNode_BlendSpacePlayer:bLoop):
Localization Resource: (D:/Program Files/Epic Games/UE_4.15/Engine/Content/Localization/EditorTutorials/ja/EditorTutorials.locres) Source String Hash: (2133979316) Localized String: (再生が最後まで終わった後、ループ再生するようにしますか？)
Localization Resource: (D:/Program Files/Epic Games/UE_4.15/Engine/Content/Localization/ToolTips/ja/ToolTips.locres) Source String Hash: (2133979316) Localized String: (ループが最後まで到達した時に、アニメーションのループを継続するべきか？)
[2017.04.04-06.51.20:553][  0]LogTextLocalizationManager:Warning: Loaded localization resources contain conflicting entries for (Namespace:UObjectToolTips, Key:AnimNode_BlendSpacePlayer:X):
Localization Resource: (D:/Program Files/Epic Games/UE_4.15/Engine/Content/Localization/EditorTutorials/ja/EditorTutorials.locres) Source String Hash: (2060772590) Localized String: (ブレンドスペースで値を取得するX座標)
Localization Resource: (D:/Program Files/Epic Games/UE_4.15/Engine/Content/Localization/ToolTips/ja/ToolTips.locres) Source String Hash: (2060772590) Localized String: (ブレンドスペースでサンプリングするX座標)
[2017.04.04-06.51.20:553][  0]LogTextLocalizationManager:Warning: Loaded localization resources contain conflicting entries for (Namespace:UObjectToolTips, Key:AnimNode_BlendSpacePlayer:Y):
Localization Resource: (D:/Program Files/Epic Games/UE_4.15/Engine/Content/Localization/EditorTutorials/ja/EditorTutorials.locres) Source String Hash: (-1719607538) Localized String: (ブレンドスペースで値を取得するY座標)
Localization Resource: (D:/Program Files/Epic Games/UE_4.15/Engine/Content/Localization/ToolTips/ja/ToolTips.locres) Source String Hash: (-1719607538) Localized String: (ブレンドスペースでサンプリングするY座標)
[2017.04.04-06.51.20:553][  0]LogTextLocalizationManager:Warning: Loaded localization resources contain conflicting entries for (Namespace:UObjectToolTips, Key:AnimNode_BlendSpacePlayer:Z):
Localization Resource: (D:/Program Files/Epic Games/UE_4.15/Engine/Content/Localization/EditorTutorials/ja/EditorTutorials.locres) Source String Hash: (1728943471) Localized String: (ブレンドスペースで値を取得するZ座標)
Localization Resource: (D:/Program Files/Epic Games/UE_4.15/Engine/Content/Localization/ToolTips/ja/ToolTips.locres) Source String Hash: (1728943471) Localized String: (ブレンドスペースでサンプリングするZ座標)
[2017.04.04-06.51.20:553][  0]LogTextLocalizationManager:Warning: Loaded localization resources contain conflicting entries for (Namespace:UObjectToolTips, Key:AnimNode_BlendSpacePlayer:BlendSpace):
Localization Resource: (D:/Program Files/Epic Games/UE_4.15/Engine/Content/Localization/EditorTutorials/ja/EditorTutorials.locres) Source String Hash: (1599043277) Localized String: (再生するブレンドスペースのアセット)
Localization Resource: (D:/Program Files/Epic Games/UE_4.15/Engine/Content/Localization/ToolTips/ja/ToolTips.locres) Source String Hash: (1599043277) Localized String: (再生するブレンド空間アセット)
[2017.04.04-06.51.20:553][  0]LogTextLocalizationManager:Warning: Loaded localization resources contain conflicting entries for (Namespace:UObjectToolTips, Key:AnimNode_StateMachine:MaxTransitionsPerFrame):
Localization Resource: (D:/Program Files/Epic Games/UE_4.15/Engine/Content/Localization/EditorTutorials/ja/EditorTutorials.locres) Source String Hash: (1567650430) Localized String: (このマシーンで1フレームあたりに同時に処理できるトランジションの最大数)
Localization Resource: (D:/Program Files/Epic Games/UE_4.15/Engine/Content/Localization/ToolTips/ja/ToolTips.locres) Source String Hash: (1567650430) Localized String: (単一フレームでマシーンが「同時」に受け取れる遷移の最大数)
[2017.04.04-06.51.20:553][  0]LogTextLocalizationManager:Warning: Loaded localization resources contain conflicting entries for (Namespace:UObjectToolTips, Key:AnimNode_BlendSpacePlayer:PlayRate):
Localization Resource: (D:/Program Files/Epic Games/UE_4.15/Engine/Content/Localization/EditorTutorials/ja/EditorTutorials.locres) Source String Hash: (-1274923958) Localized String: (再生速度の倍率です。負の数値も使う事ができます。その場合逆再生になります。)
Localization Resource: (D:/Program Files/Epic Games/UE_4.15/Engine/Content/Localization/ToolTips/ja/ToolTips.locres) Source String Hash: (-1274923958) Localized String: (再生レート乗数。アニメーションを逆再生する負の値にすることができます。)
[2017.04.04-06.51.20:553][  0]LogTextLocalizationManager:Warning: Loaded localization resources contain conflicting entries for (Namespace:UObjectToolTips, Key:AnimNode_SequencePlayer:bLoopAnimation):
Localization Resource: (D:/Program Files/Epic Games/UE_4.15/Engine/Content/Localization/ToolTips/ja/ToolTips.locres) Source String Hash: (2133979316) Localized String: (ループが最後まで到達した時に、アニメーションのループを継続するべきか？)
Localization Resource: (D:/Program Files/Epic Games/UE_4.15/Engine/Content/Localization/Engine/ja/Engine.locres) Source String Hash: (2133979316) Localized String: (最後に到達した時にアニメーションのループを継続しますか？)
[2017.04.04-06.51.20:553][  0]LogTextLocalizationManager:Warning: Loaded localization resources contain conflicting entries for (Namespace:UObjectToolTips, Key:AnimNode_SequencePlayer:PlayRate):
Localization Resource: (D:/Program Files/Epic Games/UE_4.15/Engine/Content/Localization/ToolTips/ja/ToolTips.locres) Source String Hash: (-1274923958) Localized String: (再生レート乗数。アニメーションを逆再生する負の値にすることができます。)
Localization Resource: (D:/Program Files/Epic Games/UE_4.15/Engine/Content/Localization/Engine/ja/Engine.locres) Source String Hash: (-1274923958) Localized String: (再生速度の倍率です。負の数値も使う事ができます。その場合逆再生になります。)
[2017.04.04-06.51.21:432][  0]LogD3D11RHI: D3D11 adapters:
[2017.04.04-06.51.21:472][  0]LogD3D11RHI:    0. 'NVIDIA GeForce 940MX' (Feature Level 11_0)
[2017.04.04-06.51.21:472][  0]LogD3D11RHI:       4065/0/4040 MB DedicatedVideo/DedicatedSystem/SharedSystem, Outputs:1, VendorId:0x10de
[2017.04.04-06.51.21:481][  0]LogD3D11RHI:    1. 'Intel(R) HD Graphics 520' (Feature Level 11_0)
[2017.04.04-06.51.21:481][  0]LogD3D11RHI:       128/0/4040 MB DedicatedVideo/DedicatedSystem/SharedSystem, Outputs:0, VendorId:0x8086
[2017.04.04-06.51.21:483][  0]LogD3D11RHI:    2. 'Microsoft Basic Render Driver' (Feature Level 11_0)
[2017.04.04-06.51.21:483][  0]LogD3D11RHI:       0/0/4040 MB DedicatedVideo/DedicatedSystem/SharedSystem, Outputs:0, VendorId:0x1414
[2017.04.04-06.51.21:483][  0]LogD3D11RHI: Chosen D3D11 Adapter: 0
[2017.04.04-06.51.21:489][  0]LogD3D11RHI: Creating new Direct3DDevice
[2017.04.04-06.51.21:489][  0]LogD3D11RHI:     GPU DeviceId: 0x134d (for the marketing name, search the web for "GPU Device Id")
[2017.04.04-06.51.21:489][  0]LogWindows: EnumDisplayDevices:
[2017.04.04-06.51.21:489][  0]LogWindows:    0. 'Intel(R) HD Graphics 520' (P:1 D:1)
[2017.04.04-06.51.21:490][  0]LogWindows:    1. 'Intel(R) HD Graphics 520' (P:0 D:0)
[2017.04.04-06.51.21:490][  0]LogWindows:    2. 'Intel(R) HD Graphics 520' (P:0 D:0)
[2017.04.04-06.51.21:490][  0]LogWindows: DebugString: PrimaryIsNotTheChoosenAdapter PrimaryIsNotTheChoosenAdapter PrimaryIsNotTheChoosenAdapter FoundDriverCount:0 
[2017.04.04-06.51.21:490][  0]LogD3D11RHI:     Adapter Name: NVIDIA GeForce 940MX
[2017.04.04-06.51.21:490][  0]LogD3D11RHI:   Driver Version: Unknown (internal:Unknown, unified:Unknown)
[2017.04.04-06.51.21:490][  0]LogD3D11RHI:      Driver Date: Unknown
[2017.04.04-06.51.21:490][  0]LogRHI: Texture pool is 1361 MB (70% of 1945 MB)
[2017.04.04-06.51.21:509][  0]LogD3D11RHI: Async texture creation enabled
[2017.04.04-06.51.21:525][  0]LogD3D11RHI: GPU Timing Frequency: 1000.000000 (Debug: 2 1)
[2017.04.04-06.51.21:527][  0]LogShaderCompilers: Guid format shader working directory is -11 characters bigger than the processId version (../../../../../../Documents/Github/test0404/MyProject0404/Intermediate/Shaders/WorkingDirectory/452/).
[2017.04.04-06.51.21:527][  0]LogShaderCompilers: Cleaned the shader compiler working directory 'C:/Users/yuto/AppData/Local/Temp/UnrealShaderWorkingDir/F6917CA84F73969A4C72A4A26C91DCBF/'.
[2017.04.04-06.51.21:527][  0]LogShaderCompilers:Display: Using Local Shader Compiler.
[2017.04.04-06.51.23:495][  0]LogTemp:Display: Loaded TP AllDesktopTargetPlatform
[2017.04.04-06.51.23:604][  0]LogTemp:Display: Loaded TP MacClientTargetPlatform
[2017.04.04-06.51.23:721][  0]LogTemp:Display: Loaded TP MacNoEditorTargetPlatform
[2017.04.04-06.51.23:813][  0]LogTemp:Display: Loaded TP MacServerTargetPlatform
[2017.04.04-06.51.23:892][  0]LogTemp:Display: Loaded TP MacTargetPlatform
[2017.04.04-06.51.23:954][  0]LogTemp:Display: Loaded TP WindowsClientTargetPlatform
[2017.04.04-06.51.24:016][  0]LogTemp:Display: Loaded TP WindowsNoEditorTargetPlatform
[2017.04.04-06.51.24:078][  0]LogTemp:Display: Loaded TP WindowsServerTargetPlatform
[2017.04.04-06.51.24:129][  0]LogTemp:Display: Loaded TP WindowsTargetPlatform
[2017.04.04-06.51.24:194][  0]LogTemp:Display: Loaded TP AndroidTargetPlatform
[2017.04.04-06.51.24:265][  0]LogTemp:Display: Loaded TP Android_ASTCTargetPlatform
[2017.04.04-06.51.24:334][  0]LogTemp:Display: Loaded TP Android_ATCTargetPlatform
[2017.04.04-06.51.24:398][  0]LogTemp:Display: Loaded TP Android_DXTTargetPlatform
[2017.04.04-06.51.24:471][  0]LogTemp:Display: Loaded TP Android_ETC1TargetPlatform
[2017.04.04-06.51.24:546][  0]LogTemp:Display: Loaded TP Android_ETC2TargetPlatform
[2017.04.04-06.51.24:695][  0]LogTemp:Display: Loaded TP Android_MultiTargetPlatform
[2017.04.04-06.51.24:695][  0]LogTemp:Display: Loaded TP Android_PVRTCTargetPlatform
[2017.04.04-06.51.24:742][  0]LogTemp:Display: Loaded TP HTML5TargetPlatform
[2017.04.04-06.51.24:847][  0]LogTemp:Display: Loaded TP IOSTargetPlatform
[2017.04.04-06.51.24:884][  0]LogTemp:Display: Loaded TP TVOSTargetPlatform
[2017.04.04-06.51.24:945][  0]LogTemp:Display: Loaded TP LinuxClientTargetPlatform
[2017.04.04-06.51.25:007][  0]LogTemp:Display: Loaded TP LinuxNoEditorTargetPlatform
[2017.04.04-06.51.25:067][  0]LogTemp:Display: Loaded TP LinuxServerTargetPlatform
[2017.04.04-06.51.25:130][  0]LogTemp:Display: Loaded TP LinuxTargetPlatform
[2017.04.04-06.51.25:130][  0]LogTargetPlatformManager:Display: Building Assets For Windows
[2017.04.04-06.51.25:637][  0]LogDerivedDataCache:Display: Max Cache Size: 512 MB
[2017.04.04-06.51.25:719][  0]LogDerivedDataCache: Loaded boot cache 0.07s 50MB C:/Users/yuto/AppData/Local/UnrealEngine/4.15/DerivedDataCache/Boot.ddc.
[2017.04.04-06.51.25:719][  0]LogDerivedDataCache:Display: Loaded Boot cache: C:/Users/yuto/AppData/Local/UnrealEngine/4.15/DerivedDataCache/Boot.ddc
[2017.04.04-06.51.25:719][  0]LogDerivedDataCache: FDerivedDataBackendGraph:  Pak pak cache file ../../../../../../Documents/Github/test0404/MyProject0404/DerivedDataCache/DDC.ddp not found, will not use a pak cache.
[2017.04.04-06.51.25:719][  0]LogDerivedDataCache: Unable to find inner node Pak for hierarchical cache Hierarchy.
[2017.04.04-06.51.25:719][  0]LogDerivedDataCache: FDerivedDataBackendGraph:  CompressedPak pak cache file ../../../../../../Documents/Github/test0404/MyProject0404/DerivedDataCache/Compressed.ddp not found, will not use a pak cache.
[2017.04.04-06.51.25:719][  0]LogDerivedDataCache: Unable to find inner node CompressedPak for hierarchical cache Hierarchy.
[2017.04.04-06.51.25:747][  0]LogDerivedDataCache:Display: Pak cache opened for reading ../../../Engine/DerivedDataCache/Compressed.ddp.
[2017.04.04-06.51.25:762][  0]LogDerivedDataCache: Using Local data cache path C:/Users/yuto/AppData/Local/UnrealEngine/Common/DerivedDataCache: Writable
[2017.04.04-06.51.25:774][  0]LogSlate: Using Freetype 2.6.0
[2017.04.04-06.51.25:775][  0]LogSlate: SlateFontCache - WITH_FREETYPE: 1, WITH_HARFBUZZ: 1
[2017.04.04-06.51.25:775][  0]LogSlate: SlateFontCache - WITH_FREETYPE: 1, WITH_HARFBUZZ: 1
[2017.04.04-06.51.26:240][  0]LogInit: Selected Device Profile: [Windows]
[2017.04.04-06.51.26:245][  0]LogContentStreaming: Texture pool size is 0.00 MB
[2017.04.04-06.51.26:572][  0]LogMeshUtilities: Using QuadricMeshReduction for automatic static mesh reduction
[2017.04.04-06.51.26:621][  0]LogSimplygon: Simplygon DLL not present - disabling.
[2017.04.04-06.51.26:678][  0]LogMeshUtilities: Using SimplygonSwarm for distributed automatic mesh merging
[2017.04.04-06.51.26:678][  0]LogMeshUtilities: No automatic skeletal mesh reduction module available
[2017.04.04-06.51.26:678][  0]LogMeshUtilities: No automatic mesh merging module available
[2017.04.04-06.51.27:403][  0]LogNetVersion: GetLocalNetworkVersion: CL: 3299760, ProjectName: myproject0404, ProjectVersion: , EngineNetworkVersion: 2, GameNetworkVersion: 0, NetworkChecksum: 1261369977
[2017.04.04-06.51.27:457][  0]LogAssetRegistry: FAssetRegistry took 0.0221 seconds to start up
[2017.04.04-06.51.27:544][  0]LogPackageLocalizationCache: Processed 3 localized package path(s) for 2 prioritized culture(s) in 0.060470 seconds
[2017.04.04-06.51.27:554][  0]LogUObjectArray: 32493 objects as part of root set at end of initial load.
[2017.04.04-06.51.27:554][  0]LogUObjectAllocator: 7077032 out of 0 bytes used by permanent object pool.
[2017.04.04-06.51.27:554][  0]LogUObjectArray: CloseDisregardForGC: 0/0 objects in disregard for GC pool
[2017.04.04-06.51.27:641][  0]LogInit: WinSock: version 1.1 (2.2), MaxSocks=32767, MaxUdp=65467
[2017.04.04-06.51.30:425][  0]LogTcpMessaging: Initializing TcpMessaging bridge
[2017.04.04-06.51.30:517][  0]LogUdpMessaging: Initializing bridge on interface 0.0.0.0:0 to multicast group 230.0.0.1:6666.
[2017.04.04-06.51.31:344][  0]LogMaterial: Uniform references updated for custom material expression Custom.
[2017.04.04-06.51.32:083][  0]SourceControl: 情報 ソースコントロールは無効です
[2017.04.04-06.51.32:202][  0]SourceControl: 情報 ソースコントロールは無効です
[2017.04.04-06.51.32:281][  0]SourceControl: 情報 ソースコントロールは無効です
[2017.04.04-06.51.32:354][  0]SourceControl: 情報 ソースコントロールは無効です
[2017.04.04-06.51.34:643][  0]LogEngine: Initializing Engine...
[2017.04.04-06.51.34:645][  0]LogHMD: Failed to initialize OpenVR with code 110
[2017.04.04-06.51.35:107][  0]LogAIModule: Creating AISystem for world Untitled
[2017.04.04-06.51.35:140][  0]LogInit: XAudio2 using 'スピーカー (Realtek High Definition Audio)' : 2 channels at 48 kHz using 32 bits per sample (channel mask 0x3)
[2017.04.04-06.51.36:346][  0]LogInit: FAudioDevice initialized.
[2017.04.04-06.51.36:390][  0]LogDerivedDataCache: Saved boot cache 0.04s 50MB C:/Users/yuto/AppData/Local/UnrealEngine/4.15/DerivedDataCache/Boot.ddc.
[2017.04.04-06.51.36:400][  0]LogInit: Texture streaming: Enabled
[2017.04.04-06.51.36:532][  0]LogEngineSessionManager: EngineSessionManager initialized
[2017.04.04-06.51.36:681][  0]LogInit: Transaction tracking system initialized
[2017.04.04-06.51.37:251][  0]BlueprintLog: New page: エディタの読み込み
[2017.04.04-06.51.38:764][  0]LocalizationService: 情報 ローカライズのサービスが無効になりました
[2017.04.04-06.51.39:567][  0]LogConsoleResponse:Display: 
[2017.04.04-06.51.39:800][  0]LogCook:Display: Max memory allowance for cook 16384mb min free memory 0mb
[2017.04.04-06.51.39:800][  0]LogCook:Display: Mobile HDR setting 1
[2017.04.04-06.51.40:109][  0]LogFileCache: Scanning file cache for directory 'D:/Documents/Github/test0404/MyProject0404/Content/' took 0.01s
[2017.04.04-06.51.41:013][  0]SourceControl: 情報 ソースコントロールは無効です
[2017.04.04-06.51.41:013][  0]Cmd: MAP LOAD FILE="../../../../../../Documents/Github/test0404/MyProject0404/Content/FirstPersonBP/Maps/FirstPersonExampleMap.umap" TEMPLATE=0 SHOWPROGRESS=1 FEATURELEVEL=3
[2017.04.04-06.51.41:014][  0]LightingResults: New page: ライティングのビルド
[2017.04.04-06.51.41:062][  0]MapCheck: New page: マップをチェック
[2017.04.04-06.51.41:062][  0]LightingResults: New page: <何も選択されていません>
[2017.04.04-06.51.42:612][  0]LogTexture:Display: Building textures: HQ_Lightmap0_1 (AutoDXT, 2048X2048) - 45 MB total VRAM
[2017.04.04-06.51.44:475][  0]LogTexture:Display: Building textures: HQ_Lightmap0_2 (AutoDXT, 2048X2048) - 45 MB total VRAM
[2017.04.04-06.51.46:108][  0]LogTexture:Display: Building textures: HQ_Lightmap0_3 (AutoDXT, 2048X2048) - 45 MB total VRAM
[2017.04.04-06.51.48:651][  0]LogTexture:Display: Building textures: HQ_Lightmap0_4 (AutoDXT, 2048X2048) - 45 MB total VRAM
[2017.04.04-06.51.49:453][  0]LogTexture:Display: Building textures: HQ_Lightmap0_5 (AutoDXT, 64X64) - 45 MB total VRAM
[2017.04.04-06.51.49:520][  0]LogTexture:Display: Building textures: LQ_Lightmap_0_1 (DXT1, 2048X2048) - 45 MB total VRAM
[2017.04.04-06.51.49:904][  0]LogTexture:Display: Building textures: LQ_Lightmap_0_2 (DXT1, 2048X2048) - 45 MB total VRAM
[2017.04.04-06.51.50:306][  0]LogTexture:Display: Building textures: LQ_Lightmap_0_3 (DXT1, 2048X2048) - 45 MB total VRAM
[2017.04.04-06.51.51:041][  0]LogTexture:Display: Building textures: LQ_Lightmap_0_4 (DXT1, 2048X2048) - 45 MB total VRAM
[2017.04.04-06.51.51:333][  0]LogTexture:Display: Building textures: LQ_Lightmap_0_5 (DXT1, 64X64) - 45 MB total VRAM
[2017.04.04-06.51.51:377][  0]LogTexture:Display: Building textures: SkyOcclusion0_1 (AutoDXT, 2048X1024) - 45 MB total VRAM
[2017.04.04-06.51.51:919][  0]LogTexture:Display: Building textures: SkyOcclusion0_2 (AutoDXT, 2048X1024) - 45 MB total VRAM
[2017.04.04-06.51.52:423][  0]LogTexture:Display: Building textures: SkyOcclusion0_3 (AutoDXT, 2048X1024) - 45 MB total VRAM
[2017.04.04-06.51.53:305][  0]LogTexture:Display: Building textures: SkyOcclusion0_4 (AutoDXT, 2048X1024) - 45 MB total VRAM
[2017.04.04-06.51.53:711][  0]LogTexture:Display: Building textures: SkyOcclusion0_5 (AutoDXT, 64X32) - 45 MB total VRAM
[2017.04.04-06.51.53:723][  0]LogTexture:Display: Building textures: ShadowMapTexture2D_0 (G8, 2048X1024) - 45 MB total VRAM
[2017.04.04-06.51.53:828][  0]LogTexture:Display: Building textures: ShadowMapTexture2D_1 (G8, 2048X1024) - 45 MB total VRAM
[2017.04.04-06.51.53:929][  0]LogTexture:Display: Building textures: ShadowMapTexture2D_2 (G8, 2048X1024) - 45 MB total VRAM
[2017.04.04-06.51.54:048][  0]LogTexture:Display: Building textures: ShadowMapTexture2D_3 (G8, 2048X1024) - 45 MB total VRAM
[2017.04.04-06.51.54:178][  0]LogTexture:Display: Building textures: ShadowMapTexture2D_4 (G8, 2048X1024) - 45 MB total VRAM
[2017.04.04-06.51.54:298][  0]LogTexture:Display: Building textures: ShadowMapTexture2D_5 (G8, 2048X1024) - 45 MB total VRAM
[2017.04.04-06.51.54:424][  0]LogTexture:Display: Building textures: ShadowMapTexture2D_6 (G8, 2048X1024) - 45 MB total VRAM
[2017.04.04-06.51.54:535][  0]LogTexture:Display: Building textures: ShadowMapTexture2D_7 (G8, 64X32) - 45 MB total VRAM
[2017.04.04-06.51.55:137][  0]LogAIModule: Creating AISystem for world FirstPersonExampleMap
[2017.04.04-06.51.55:615][  0]LogEditorServer: Finished looking for orphan Actors (0.000 secs)
[2017.04.04-06.51.55:650][  0]Cmd: MAP CHECKDEP NOCLEARLOG
[2017.04.04-06.51.55:871][  0]MapCheck: 情報 マップチェックが完了: 0 エラー、 0 警告、完了に 220.78ミリ秒かかりました。
[2017.04.04-06.51.55:872][  0]LogFileHelpers: Loading map 'FirstPersonExampleMap' took 14.859
[2017.04.04-06.51.57:156][  0]LogCollectionManager: Loaded 0 collections in 0.001685 seconds
[2017.04.04-06.51.57:415][  0]LogFileCache: Scanning file cache for directory 'D:/Documents/Github/test0404/MyProject0404/Saved/Collections/' took 0.01s
[2017.04.04-06.51.57:415][  0]LogFileCache: Scanning file cache for directory 'D:/Documents/Github/test0404/MyProject0404/Content/Developers/yuto/Collections/' took 0.01s
[2017.04.04-06.51.57:415][  0]LogFileCache: Scanning file cache for directory 'D:/Documents/Github/test0404/MyProject0404/Content/Collections/' took 0.01s
[2017.04.04-06.51.57:416][  0]LogCollectionManager: Rebuilt the GUID cache for 0 collections in 0.000002 seconds
[2017.04.04-06.51.57:505][  0]LogContentBrowser: Native class hierarchy populated in 0.0255 seconds. Added 2245 classes and 453 folders.
[2017.04.04-06.51.57:633][  0]LogStats: UGameplayTagsManager::ConstructGameplayTagTree: Construct from data asset -  0.000 s
[2017.04.04-06.51.57:634][  0]LogStats: UGameplayTagsManager::ConstructGameplayTagTree: GameplayTagTreeChangedEvent.Broadcast -  0.000 s
[2017.04.04-06.51.57:788][  0]LogContentBrowser: Native class hierarchy updated for 'WidgetCarousel' in 0.0011 seconds. Added 0 classes and 0 folders.
[2017.04.04-06.51.57:950][  0]LogContentBrowser: Native class hierarchy updated for 'AddContentDialog' in 0.0015 seconds. Added 0 classes and 0 folders.
[2017.04.04-06.51.58:147][  0]LogContentBrowser: Native class hierarchy updated for 'SceneOutliner' in 0.0016 seconds. Added 1 classes and 2 folders.
[2017.04.04-06.51.58:949][  0]LogCrashTracker: Crashtracker disabled due to settings.
[2017.04.04-06.51.59:267][  0]LogContentBrowser: Native class hierarchy updated for 'HierarchicalLODOutliner' in 0.0013 seconds. Added 1 classes and 2 folders.
[2017.04.04-06.51.59:267][  0]LogLoad: (Engine Initialization) Total time: 41.86 seconds
[2017.04.04-06.51.59:267][  0]LogLoad: (Engine Initialization) Total Blueprint compile time: 0.61 seconds
[2017.04.04-06.51.59:267][  0]LogExternalProfiler: Found external profiler: VSPerf
[2017.04.04-06.51.59:267][  0]LogExternalProfiler: Using external profiler: VSPerf
[2017.04.04-06.51.59:287][  0]LogOcInput: OculusInput pre-init called
[2017.04.04-06.51.59:529][  0]LogContentStreaming: Texture pool size now 1000 MB
[2017.04.04-06.51.59:531][  0]LogSlate: Took 0.000434 seconds to synchronously load lazily loaded font '../../../Engine/Content/Slate/Fonts/Roboto-Regular.ttf' (155K)
[2017.04.04-06.51.59:542][  0]LogSlate: Took 0.005337 seconds to synchronously load lazily loaded font '../../../Engine/Content/Slate/Fonts/DroidSansFallback.ttf' (3848K)
[2017.04.04-06.51.59:546][  0]LogSlate: Took 0.000531 seconds to synchronously load lazily loaded font '../../../Engine/Content/Slate/Fonts/Roboto-Bold.ttf' (160K)
[2017.04.04-06.51.59:623][  0]LogSlate: Took 0.019278 seconds to synchronously load lazily loaded font '../../../Engine/Content/Editor/Slate/Fonts/FontAwesome.ttf' (139K)
[2017.04.04-06.52.00:441][  0]LogSlate: Took 0.000410 seconds to synchronously load lazily loaded font '../../../Engine/Content/Slate/Fonts/Roboto-Light.ttf' (159K)
[2017.04.04-06.52.00:525][  0]LogRenderer: Reallocating scene render targets to support 964x436 NumSamples 1 (Frame:2).
[2017.04.04-06.52.01:326][  1]LogHttp:Warning: 000002469AC0F700: request failed, libcurl error: 7 (Couldn't connect to server)
[2017.04.04-06.52.01:326][  1]LogHttp:Warning: 000002469AC0F700: libcurl info message cache 0 (  Trying 52.85.11.164...)
[2017.04.04-06.52.01:326][  1]LogHttp:Warning: 000002469AC0F700: libcurl info message cache 1 (connect to 52.85.11.164 port 80 failed: Connection refused)
[2017.04.04-06.52.01:326][  1]LogHttp:Warning: 000002469AC0F700: libcurl info message cache 2 (Failed to connect to cdn.unrealengine.com port 80: Connection refused)
[2017.04.04-06.52.01:326][  1]LogHttp:Warning: 000002469AC0F700: libcurl info message cache 3 (Closing connection 0)
[2017.04.04-06.52.01:646][  2]LogRenderer: Reallocating scene render targets to support 1224x436 NumSamples 1 (Frame:3).
[2017.04.04-06.52.01:665][  2]LogAssetRegistry: Asset discovery search completed in 34.2293 seconds
[2017.04.04-06.52.01:665][  2]LogCollectionManager: Rebuilt the object cache for 0 collections in 0.000008 seconds (found 0 objects)
[2017.04.04-06.52.01:665][  2]LogCollectionManager: Fixed up redirectors for 0 collections in 0.000034 seconds (updated 0 objects)
[2017.04.04-06.52.02:618][ 21]LogHttp:Warning: 000002469AEF1D80: request failed, libcurl error: 7 (Couldn't connect to server)
[2017.04.04-06.52.02:618][ 21]LogHttp:Warning: 000002469AEF1D80: libcurl info message cache 0 (Hostname cdn.unrealengine.com was found in DNS cache)
[2017.04.04-06.52.02:618][ 21]LogHttp:Warning: 000002469AEF1D80: libcurl info message cache 1 (  Trying 52.85.11.164...)
[2017.04.04-06.52.02:618][ 21]LogHttp:Warning: 000002469AEF1D80: libcurl info message cache 2 (connect to 52.85.11.164 port 80 failed: Connection refused)
[2017.04.04-06.52.02:618][ 21]LogHttp:Warning: 000002469AEF1D80: libcurl info message cache 3 (Failed to connect to cdn.unrealengine.com port 80: Connection refused)
[2017.04.04-06.52.02:618][ 21]LogHttp:Warning: 000002469AEF1D80: libcurl info message cache 4 (Closing connection 1)
[2017.04.04-06.52.15:741][482]LogHttp:Warning: 00000246AF21A200: request failed, libcurl error: 7 (Couldn't connect to server)
[2017.04.04-06.52.15:741][482]LogHttp:Warning: 00000246AF21A200: libcurl info message cache 0 (Hostname cdn.unrealengine.com was found in DNS cache)
[2017.04.04-06.52.15:741][482]LogHttp:Warning: 00000246AF21A200: libcurl info message cache 1 (  Trying 52.85.11.164...)
[2017.04.04-06.52.15:741][482]LogHttp:Warning: 00000246AF21A200: libcurl info message cache 2 (connect to 52.85.11.164 port 80 failed: Timed out)
[2017.04.04-06.52.15:741][482]LogHttp:Warning: 00000246AF21A200: libcurl info message cache 3 (Failed to connect to cdn.unrealengine.com port 80: Timed out)
[2017.04.04-06.52.15:741][482]LogHttp:Warning: 00000246AF21A200: libcurl info message cache 4 (Closing connection 2)
[2017.04.04-06.52.38:341][851]LogRenderer: Reallocating scene render targets to support 1224x448 NumSamples 1 (Frame:575).
[2017.04.04-06.52.38:534][856]LogRenderer: Reallocating scene render targets to support 1224x452 NumSamples 1 (Frame:579).
[2017.04.04-06.52.38:592][857]LogRenderer: Reallocating scene render targets to support 1224x464 NumSamples 1 (Frame:581).
[2017.04.04-06.52.38:743][860]LogRenderer: Reallocating scene render targets to support 1224x468 NumSamples 1 (Frame:585).
[2017.04.04-06.52.38:807][861]LogRenderer: Reallocating scene render targets to support 1224x472 NumSamples 1 (Frame:587).
[2017.04.04-06.52.39:001][866]LogRenderer: Reallocating scene render targets to support 1224x476 NumSamples 1 (Frame:591).
[2017.04.04-06.53.01:385][775]LogHttp:Warning: 00000246AEF6E500: request failed, libcurl error: 7 (Couldn't connect to server)
[2017.04.04-06.53.01:385][775]LogHttp:Warning: 00000246AEF6E500: libcurl info message cache 0 (  Trying 34.192.111.22...)
[2017.04.04-06.53.01:385][775]LogHttp:Warning: 00000246AEF6E500: libcurl info message cache 1 (connect to 34.192.111.22 port 443 failed: Connection refused)
[2017.04.04-06.53.01:385][775]LogHttp:Warning: 00000246AEF6E500: libcurl info message cache 2 (  Trying 52.44.156.214...)
[2017.04.04-06.53.01:385][775]LogHttp:Warning: 00000246AEF6E500: libcurl info message cache 3 (connect to 52.44.156.214 port 443 failed: Connection refused)
[2017.04.04-06.53.01:385][775]LogHttp:Warning: 00000246AEF6E500: libcurl info message cache 4 (Failed to connect to datarouter.ol.epicgames.com port 443: Connection refused)
[2017.04.04-06.53.01:385][775]LogHttp:Warning: 00000246AEF6E500: libcurl info message cache 5 (Closing connection 3)
[2017.04.04-06.53.03:757][851]LogTemp: Repeting last play command: 選択ビューポート
[2017.04.04-06.53.03:820][851]LogBlueprintUserMessages: Early PlayInEditor Detection: Level '/Game/FirstPersonBP/Maps/FirstPersonExampleMap.FirstPersonExampleMap:PersistentLevel' has LevelScriptBlueprint '/Game/FirstPersonBP/Maps/FirstPersonExampleMap.FirstPersonExampleMap:PersistentLevel.FirstPersonExampleMap' with GeneratedClass '/Game/FirstPersonBP/Maps/FirstPersonExampleMap.FirstPersonExampleMap_C' with ClassGeneratedBy '/Game/FirstPersonBP/Maps/FirstPersonExampleMap.FirstPersonExampleMap:PersistentLevel.FirstPersonExampleMap'
[2017.04.04-06.53.03:832][851]LogPlayLevel: PlayLevel: No blueprints needed recompiling
[2017.04.04-06.53.03:899][851]PIE: New page: PIEセッション: FirstPersonExampleMap (2017/04/05 0:53:03)
[2017.04.04-06.53.03:925][851]LogPlayLevel: Creating play world package: /Game/FirstPersonBP/Maps/UEDPIE_0_FirstPersonExampleMap
[2017.04.04-06.53.04:030][851]LogPlayLevel: PIE: StaticDuplicateObject took: (0.104881s)
[2017.04.04-06.53.04:031][851]LogAIModule: Creating AISystem for world FirstPersonExampleMap
[2017.04.04-06.53.04:032][851]LogPlayLevel: PIE: World Init took: (0.001419s)
[2017.04.04-06.53.04:040][851]LogPlayLevel: PIE: Created PIE world by copying editor world from /Game/FirstPersonBP/Maps/FirstPersonExampleMap.FirstPersonExampleMap to /Game/FirstPersonBP/Maps/UEDPIE_0_FirstPersonExampleMap.FirstPersonExampleMap (0.125014s)
[2017.04.04-06.53.04:103][851]LogInit: XAudio2 using 'スピーカー (Realtek High Definition Audio)' : 2 channels at 48 kHz using 32 bits per sample (channel mask 0x3)
[2017.04.04-06.53.04:117][851]LogInit: FAudioDevice initialized.
[2017.04.04-06.53.04:353][851]LogLoad: Game class is 'FirstPersonGameMode_C'
[2017.04.04-06.53.04:472][851]LogWorld: Bringing World /Game/FirstPersonBP/Maps/UEDPIE_0_FirstPersonExampleMap.FirstPersonExampleMap up for play (max tick rate 0) at 2017.04.04-15.53.04
[2017.04.04-06.53.04:558][851]LogWorld: Bringing up level for play took: 0.092799
[2017.04.04-06.53.04:897][851]LogContentBrowser: Native class hierarchy updated for 'MovieSceneCapture' in 0.0013 seconds. Added 11 classes and 0 folders.
[2017.04.04-06.53.04:968][851]PIE: 情報 /Game/FirstPersonBP/Maps/UEDPIE_0_FirstPersonExampleMap 0.882のプレイ イン エディタの開始時間
[2017.04.04-06.53.04:970][851]LogBlueprintUserMessages: Late PlayInEditor Detection: Level '/Game/FirstPersonBP/Maps/FirstPersonExampleMap.FirstPersonExampleMap:PersistentLevel' has LevelScriptBlueprint '/Game/FirstPersonBP/Maps/FirstPersonExampleMap.FirstPersonExampleMap:PersistentLevel.FirstPersonExampleMap' with GeneratedClass '/Game/FirstPersonBP/Maps/FirstPersonExampleMap.FirstPersonExampleMap_C' with ClassGeneratedBy '/Game/FirstPersonBP/Maps/FirstPersonExampleMap.FirstPersonExampleMap:PersistentLevel.FirstPersonExampleMap'
[2017.04.04-06.53.34:800][888]LogBlueprintUserMessages: Early EndPlayMap Detection: Level '/Game/FirstPersonBP/Maps/FirstPersonExampleMap.FirstPersonExampleMap:PersistentLevel' has LevelScriptBlueprint '/Game/FirstPersonBP/Maps/FirstPersonExampleMap.FirstPersonExampleMap:PersistentLevel.FirstPersonExampleMap' with GeneratedClass '/Game/FirstPersonBP/Maps/FirstPersonExampleMap.FirstPersonExampleMap_C' with ClassGeneratedBy '/Game/FirstPersonBP/Maps/FirstPersonExampleMap.FirstPersonExampleMap:PersistentLevel.FirstPersonExampleMap'
[2017.04.04-06.53.34:959][888]LogBlueprintUserMessages: Late EndPlayMap Detection: Level '/Game/FirstPersonBP/Maps/FirstPersonExampleMap.FirstPersonExampleMap:PersistentLevel' has LevelScriptBlueprint '/Game/FirstPersonBP/Maps/FirstPersonExampleMap.FirstPersonExampleMap:PersistentLevel.FirstPersonExampleMap' with GeneratedClass '/Game/FirstPersonBP/Maps/FirstPersonExampleMap.FirstPersonExampleMap_C' with ClassGeneratedBy '/Game/FirstPersonBP/Maps/FirstPersonExampleMap.FirstPersonExampleMap:PersistentLevel.FirstPersonExampleMap'
[2017.04.04-06.53.42:772][144]LogWindowsTextInputMethodSystem:Display: IME system now activated using TSF (Microsoft IME).
[2017.04.04-06.53.43:280][145]Cmd: QUIT_EDITOR
[2017.04.04-06.53.43:985][145]LogExit: Preparing to exit.
[2017.04.04-06.53.44:814][145]LogDirectoryWatcher: A directory notification for 'D:/Documents/Github/test0404/MyProject0404/Content/' was aborted.
[2017.04.04-06.53.44:892][145]LogExit: Editor shut down
[2017.04.04-06.53.44:893][145]LogExit: Transaction tracking system shut down
[2017.04.04-06.53.45:085][145]LogObj: Freed 0b from 0 cluster array pools.
[2017.04.04-06.53.45:085][145]LogExit: Object subsystem successfully closed.
[2017.04.04-06.53.45:108][145]LogD3D11RHI: Shutdown
[2017.04.04-06.53.45:108][145]LogD3D11RHI: CleanupD3DDevice
[2017.04.04-06.53.45:331][145]LogD3D11RHI: ~FD3D11DynamicRHI
[2017.04.04-06.53.45:344][145]LogModuleManager: Shutting down and abandoning module MovieSceneCapture (500)
[2017.04.04-06.53.45:344][145]LogModuleManager: Shutting down and abandoning module HierarchicalLODOutliner (498)
[2017.04.04-06.53.45:344][145]LogModuleManager: Shutting down and abandoning module CrashTracker (496)
[2017.04.04-06.53.45:344][145]LogModuleManager: Shutting down and abandoning module SceneOutliner (494)
[2017.04.04-06.53.45:344][145]LogModuleManager: Shutting down and abandoning module AddContentDialog (492)
[2017.04.04-06.53.45:344][145]LogDirectoryWatcher: A directory notification for 'D:/Program Files/Epic Games/UE_4.15/FeaturePacks/' was aborted.
[2017.04.04-06.53.45:369][145]LogModuleManager: Shutting down and abandoning module WidgetCarousel (491)
[2017.04.04-06.53.45:369][145]LogModuleManager: Shutting down and abandoning module EditorWidgets (488)
[2017.04.04-06.53.45:369][145]LogModuleManager: Shutting down and abandoning module CollectionManager (486)
[2017.04.04-06.53.45:370][145]LogDirectoryWatcher: A directory notification for 'D:/Documents/Github/test0404/MyProject0404/Content/Collections/' was aborted.
[2017.04.04-06.53.45:370][145]LogDirectoryWatcher: A directory notification for 'D:/Documents/Github/test0404/MyProject0404/Content/Developers/yuto/Collections/' was aborted.
[2017.04.04-06.53.45:370][145]LogDirectoryWatcher: A directory notification for 'D:/Documents/Github/test0404/MyProject0404/Saved/Collections/' was aborted.
[2017.04.04-06.53.45:370][145]LogModuleManager: Shutting down and abandoning module StatsViewer (484)
[2017.04.04-06.53.45:370][145]LogModuleManager: Shutting down and abandoning module FoliageEdit (482)
[2017.04.04-06.53.45:370][145]LogModuleManager: Shutting down and abandoning module LandscapeEditor (480)
[2017.04.04-06.53.45:370][145]LogModuleManager: Shutting down and abandoning module SceneDepthPickerMode (478)
[2017.04.04-06.53.45:370][145]LogModuleManager: Shutting down and abandoning module ActorPickerMode (476)
[2017.04.04-06.53.45:370][145]LogModuleManager: Shutting down and abandoning module GeometryMode (474)
[2017.04.04-06.53.45:370][145]LogModuleManager: Shutting down and abandoning module TextureAlignMode (472)
[2017.04.04-06.53.45:370][145]LogModuleManager: Shutting down and abandoning module BspMode (470)
[2017.04.04-06.53.45:370][145]LogModuleManager: Shutting down and abandoning module HardwareSurvey (468)
[2017.04.04-06.53.45:370][145]LogModuleManager: Shutting down and abandoning module SequenceRecorderSections (466)
[2017.04.04-06.53.45:370][145]LogModuleManager: Shutting down and abandoning module AutomationWorker (464)
[2017.04.04-06.53.45:370][145]LogModuleManager: Shutting down and abandoning module MatineeToLevelSequence (462)
[2017.04.04-06.53.45:370][145]LogModuleManager: Shutting down and abandoning module LevelSequenceEditor (460)
[2017.04.04-06.53.45:370][145]LogModuleManager: Shutting down and abandoning module PlacementMode (459)
[2017.04.04-06.53.45:370][145]LogModuleManager: Shutting down and abandoning module WmfMediaFactory (456)
[2017.04.04-06.53.45:370][145]LogModuleManager: Shutting down and abandoning module WmfMediaEditor (454)
[2017.04.04-06.53.45:370][145]LogModuleManager: Shutting down and abandoning module MfMediaFactory (452)
[2017.04.04-06.53.45:370][145]LogModuleManager: Shutting down and abandoning module MfMediaEditor (450)
[2017.04.04-06.53.45:370][145]LogModuleManager: Shutting down and abandoning module AvfMediaFactory (448)
[2017.04.04-06.53.45:370][145]LogModuleManager: Shutting down and abandoning module AvfMediaEditor (446)
[2017.04.04-06.53.45:370][145]LogModuleManager: Shutting down and abandoning module AndroidMediaFactory (444)
[2017.04.04-06.53.45:370][145]LogModuleManager: Shutting down and abandoning module Media (443)
[2017.04.04-06.53.45:370][145]LogModuleManager: Shutting down and abandoning module AndroidMediaEditor (440)
[2017.04.04-06.53.45:370][145]LogModuleManager: Shutting down and abandoning module CharacterAI (438)
[2017.04.04-06.53.45:370][145]LogModuleManager: Shutting down and abandoning module AudioCapture (436)
[2017.04.04-06.53.45:370][145]LogModuleManager: Shutting down and abandoning module SequenceRecorder (435)
[2017.04.04-06.53.45:370][145]LogModuleManager: Shutting down and abandoning module SmartSnapping (432)
[2017.04.04-06.53.45:370][145]LogModuleManager: Shutting down and abandoning module SessionServices (430)
[2017.04.04-06.53.45:370][145]LogModuleManager: Shutting down and abandoning module ViewportSnapping (428)
[2017.04.04-06.53.45:370][145]LogModuleManager: Shutting down and abandoning module ViewportInteraction (426)
[2017.04.04-06.53.45:370][145]LogModuleManager: Shutting down and abandoning module LogVisualizer (424)
[2017.04.04-06.53.45:370][145]LogModuleManager: Shutting down and abandoning module IntroTutorials (422)
[2017.04.04-06.53.45:370][145]LogModuleManager: Shutting down and abandoning module GameProjectGeneration (421)
[2017.04.04-06.53.45:371][145]LogModuleManager: Shutting down and abandoning module EditorLiveStreaming (418)
[2017.04.04-06.53.45:371][145]LogModuleManager: Shutting down and abandoning module IOSPlatformEditor (416)
[2017.04.04-06.53.45:371][145]LogModuleManager: Shutting down and abandoning module HTML5PlatformEditor (414)
[2017.04.04-06.53.45:371][145]LogModuleManager: Shutting down and abandoning module AndroidPlatformEditor (412)
[2017.04.04-06.53.45:371][145]LogModuleManager: Shutting down and abandoning module AndroidDeviceDetection (411)
[2017.04.04-06.53.46:248][145]LogModuleManager: Shutting down and abandoning module IOSRuntimeSettings (408)
[2017.04.04-06.53.46:248][145]LogModuleManager: Shutting down and abandoning module AndroidRuntimeSettings (406)
[2017.04.04-06.53.46:248][145]LogModuleManager: Shutting down and abandoning module InputBindingEditor (404)
[2017.04.04-06.53.46:248][145]LogModuleManager: Shutting down and abandoning module NiagaraEditor (402)
[2017.04.04-06.53.46:248][145]LogModuleManager: Shutting down and abandoning module MergeActors (400)
[2017.04.04-06.53.46:248][145]LogModuleManager: Shutting down and abandoning module SizeMap (398)
[2017.04.04-06.53.46:248][145]LogModuleManager: Shutting down and abandoning module TreeMap (396)
[2017.04.04-06.53.46:248][145]LogModuleManager: Shutting down and abandoning module ReferenceViewer (394)
[2017.04.04-06.53.46:248][145]LogModuleManager: Shutting down and abandoning module LocalizationDashboard (392)
[2017.04.04-06.53.46:248][145]LogModuleManager: Shutting down and abandoning module LocalizationService (391)
[2017.04.04-06.53.46:248][145]LogModuleManager: Shutting down and abandoning module HardwareTargeting (388)
[2017.04.04-06.53.46:248][145]LogModuleManager: Shutting down and abandoning module DeviceProfileEditor (386)
[2017.04.04-06.53.46:248][145]LogModuleManager: Shutting down and abandoning module UndoHistory (384)
[2017.04.04-06.53.46:248][145]LogModuleManager: Shutting down and abandoning module UserFeedback (382)
[2017.04.04-06.53.46:248][145]LogModuleManager: Shutting down and abandoning module XmlParser (380)
[2017.04.04-06.53.46:248][145]LogModuleManager: Shutting down and abandoning module Blutility (378)
[2017.04.04-06.53.46:248][145]LogModuleManager: Shutting down and abandoning module ProjectSettingsViewer (376)
[2017.04.04-06.53.46:248][145]LogModuleManager: Shutting down and abandoning module ProjectTargetPlatformEditor (375)
[2017.04.04-06.53.46:249][145]LogModuleManager: Shutting down and abandoning module EditorSettingsViewer (372)
[2017.04.04-06.53.46:249][145]LogModuleManager: Shutting down and abandoning module SettingsEditor (370)
[2017.04.04-06.53.46:249][145]LogModuleManager: Shutting down and abandoning module ProjectLauncher (368)
[2017.04.04-06.53.46:249][145]LogModuleManager: Shutting down and abandoning module SessionFrontend (366)
[2017.04.04-06.53.46:249][145]LogModuleManager: Shutting down and abandoning module ProfilerClient (364)
[2017.04.04-06.53.46:249][145]LogModuleManager: Shutting down and abandoning module DeviceManager (362)
[2017.04.04-06.53.46:249][145]LogModuleManager: Shutting down and abandoning module TargetDeviceServices (361)
[2017.04.04-06.53.46:303][145]LogModuleManager: Shutting down and abandoning module AutomationController (358)
[2017.04.04-06.53.46:303][145]LogModuleManager: Shutting down and abandoning module AutomationWindow (356)
[2017.04.04-06.53.46:303][145]LogModuleManager: Shutting down and abandoning module Layers (354)
[2017.04.04-06.53.46:303][145]LogModuleManager: Shutting down and abandoning module ComponentVisualizers (352)
[2017.04.04-06.53.46:303][145]LogModuleManager: Shutting down and abandoning module DetailCustomizations (350)
[2017.04.04-06.53.46:303][145]LogModuleManager: Shutting down and abandoning module PackagesDialog (348)
[2017.04.04-06.53.46:303][145]LogModuleManager: Shutting down and abandoning module Persona (346)
[2017.04.04-06.53.46:303][145]LogModuleManager: Shutting down and abandoning module AnimGraph (345)
[2017.04.04-06.53.46:303][145]LogModuleManager: Shutting down and abandoning module Kismet (342)
[2017.04.04-06.53.46:304][145]LogModuleManager: Shutting down and abandoning module GraphEditor (340)
[2017.04.04-06.53.46:304][145]LogModuleManager: Shutting down and abandoning module ClassViewer (338)
[2017.04.04-06.53.46:304][145]LogModuleManager: Shutting down and abandoning module Toolbox (336)
[2017.04.04-06.53.46:304][145]LogModuleManager: Shutting down and abandoning module ModuleUI (334)
[2017.04.04-06.53.46:304][145]LogModuleManager: Shutting down and abandoning module MovieSceneTools (332)
[2017.04.04-06.53.46:304][145]LogModuleManager: Shutting down and abandoning module OutputLog (330)
[2017.04.04-06.53.46:304][145]LogModuleManager: Shutting down and abandoning module GammaUI (328)
[2017.04.04-06.53.46:304][145]LogModuleManager: Shutting down and abandoning module Documentation (326)
[2017.04.04-06.53.46:304][145]LogModuleManager: Shutting down and abandoning module Niagara (324)
[2017.04.04-06.53.46:304][145]LogModuleManager: Shutting down and abandoning module StreamingPauseRendering (322)
[2017.04.04-06.53.46:304][145]LogModuleManager: Shutting down and abandoning module AnalyticsET (320)
[2017.04.04-06.53.46:304][145]LogModuleManager: Shutting down and abandoning module PortalServices (318)
[2017.04.04-06.53.46:304][145]LogModuleManager: Shutting down and abandoning module PortalRpc (316)
[2017.04.04-06.53.46:304][145]LogModuleManager: Shutting down and abandoning module MessagingRpc (314)
[2017.04.04-06.53.46:304][145]LogModuleManager: Shutting down and abandoning module AIModule (312)
[2017.04.04-06.53.46:304][145]LogModuleManager: Shutting down and abandoning module GameplayDebugger (311)
[2017.04.04-06.53.46:304][145]LogModuleManager: Shutting down and abandoning module AITestSuite (309)
[2017.04.04-06.53.46:304][145]LogModuleManager: Shutting down and abandoning module ProfilerService (306)
[2017.04.04-06.53.46:368][145]LogModuleManager: Shutting down and abandoning module TaskGraph (304)
[2017.04.04-06.53.46:368][145]LogModuleManager: Shutting down and abandoning module SteamVRController (302)
[2017.04.04-06.53.46:368][145]LogModuleManager: Shutting down and abandoning module SteamVR (300)
[2017.04.04-06.53.46:368][145]LogModuleManager: Shutting down and abandoning module ProceduralMeshComponentEditor (298)
[2017.04.04-06.53.46:368][145]LogModuleManager: Shutting down and abandoning module ProceduralMeshComponent (296)
[2017.04.04-06.53.46:368][145]LogModuleManager: Shutting down and abandoning module OculusLibrary (294)
[2017.04.04-06.53.46:368][145]LogModuleManager: Shutting down and abandoning module OculusInput (292)
[2017.04.04-06.53.46:368][145]LogModuleManager: Shutting down and abandoning module MobilePatchingUtils (290)
[2017.04.04-06.53.46:368][145]LogModuleManager: Shutting down and abandoning module CustomMeshComponent (288)
[2017.04.04-06.53.46:368][145]LogModuleManager: Shutting down and abandoning module CableComponent (286)
[2017.04.04-06.53.46:368][145]LogModuleManager: Shutting down and abandoning module ArchVisCharacter (284)
[2017.04.04-06.53.46:368][145]LogModuleManager: Shutting down and abandoning module MediaPlayerEditor (280)
[2017.04.04-06.53.46:368][145]LogModuleManager: Shutting down and abandoning module HTML5Networking (278)
[2017.04.04-06.53.46:368][145]LogModuleManager: Shutting down and abandoning module AlembicImporter (276)
[2017.04.04-06.53.46:368][145]LogModuleManager: Shutting down and abandoning module AlembicLibrary (275)
[2017.04.04-06.53.46:368][145]LogModuleManager: Shutting down and abandoning module GeometryCache (274)
[2017.04.04-06.53.46:368][145]LogModuleManager: Shutting down and abandoning module GeometryCacheEd (273)
[2017.04.04-06.53.46:368][145]LogModuleManager: Shutting down and abandoning module SuperSearchEditor (268)
[2017.04.04-06.53.46:368][145]LogModuleManager: Shutting down and abandoning module SuperSearch (267)
[2017.04.04-06.53.46:368][145]LogModuleManager: Shutting down and abandoning module SpeedTreeImporter (264)
[2017.04.04-06.53.46:368][145]LogModuleManager: Shutting down and abandoning module PluginBrowser (262)
[2017.04.04-06.53.46:369][145]LogModuleManager: Shutting down and abandoning module MobileLauncherProfileWizard (260)
[2017.04.04-06.53.46:369][145]LogModuleManager: Shutting down and abandoning module EpicSurvey (258)
[2017.04.04-06.53.46:369][145]LogModuleManager: Shutting down and abandoning module VisualStudioSourceCodeAccess (256)
[2017.04.04-06.53.46:369][145]LogModuleManager: Shutting down and abandoning module DesktopPlatform (255)
[2017.04.04-06.53.46:369][145]LogModuleManager: Shutting down and abandoning module UObjectPlugin (252)
[2017.04.04-06.53.46:369][145]LogModuleManager: Shutting down and abandoning module SubversionSourceControl (250)
[2017.04.04-06.53.46:369][145]LogModuleManager: Shutting down and abandoning module PerforceSourceControl (248)
[2017.04.04-06.53.46:369][145]LogModuleManager: Shutting down and abandoning module GitSourceControl (246)
[2017.04.04-06.53.46:369][145]LogModuleManager: Shutting down and abandoning module SourceControl (245)
[2017.04.04-06.53.46:369][145]LogModuleManager: Shutting down and abandoning module LightPropagationVolumeEditor (242)
[2017.04.04-06.53.46:369][145]LogModuleManager: Shutting down and abandoning module PaperTiledImporter (240)
[2017.04.04-06.53.46:369][145]LogModuleManager: Shutting down and abandoning module PaperSpriteSheetImporter (238)
[2017.04.04-06.53.46:369][145]LogModuleManager: Shutting down and abandoning module Paper2DEditor (236)
[2017.04.04-06.53.46:369][145]LogModuleManager: Shutting down and abandoning module MeshPaint (235)
[2017.04.04-06.53.46:369][145]LogModuleManager: Shutting down and abandoning module LevelEditor (233)
[2017.04.04-06.53.46:551][145]LogModuleManager: Shutting down and abandoning module PixelInspectorModule (232)
[2017.04.04-06.53.46:552][145]LogModuleManager: Shutting down and abandoning module MainFrame (230)
[2017.04.04-06.53.46:552][145]LogModuleManager: Shutting down and abandoning module HotReload (229)
[2017.04.04-06.53.46:557][145]LogModuleManager: Shutting down and abandoning module ContentBrowser (225)
[2017.04.04-06.53.46:559][145]LogModuleManager: Shutting down and abandoning module PhysXVehiclesEditor (222)
[2017.04.04-06.53.46:559][145]LogModuleManager: Shutting down and abandoning module PhysXVehicles (220)
[2017.04.04-06.53.46:559][145]LogModuleManager: Shutting down and abandoning module LocationServicesBPLibrary (218)
[2017.04.04-06.53.46:559][145]LogModuleManager: Shutting down and abandoning module UdpMessaging (216)
[2017.04.04-06.53.46:659][145]LogModuleManager: Shutting down and abandoning module TcpMessaging (214)
[2017.04.04-06.53.46:760][145]LogModuleManager: Shutting down and abandoning module GameplayTagsEditor (212)
[2017.04.04-06.53.46:760][145]LogModuleManager: Shutting down and abandoning module FacialAnimationEditor (210)
[2017.04.04-06.53.46:760][145]LogModuleManager: Shutting down and abandoning module FacialAnimation (208)
[2017.04.04-06.53.46:760][145]LogModuleManager: Shutting down and abandoning module LightPropagationVolumeRuntime (206)
[2017.04.04-06.53.46:760][145]LogModuleManager: Shutting down and abandoning module Paper2D (204)
[2017.04.04-06.53.46:760][145]LogModuleManager: Shutting down and abandoning module WindowsMoviePlayer (202)
[2017.04.04-06.53.46:760][145]LogModuleManager: Shutting down and abandoning module WmfMedia (200)
[2017.04.04-06.53.46:762][145]LogModuleManager: Shutting down and abandoning module MfMedia (198)
[2017.04.04-06.53.46:762][145]LogModuleManager: Shutting down and abandoning module MediaAssets (196)
[2017.04.04-06.53.46:762][145]LogModuleManager: Shutting down and abandoning module GameLiveStreaming (194)
[2017.04.04-06.53.46:762][145]LogModuleManager: Shutting down and abandoning module VREditor (192)
[2017.04.04-06.53.46:762][145]LogModuleManager: Shutting down and abandoning module GameplayTasksEditor (190)
[2017.04.04-06.53.46:762][145]LogModuleManager: Shutting down and abandoning module BehaviorTreeEditor (188)
[2017.04.04-06.53.46:762][145]LogModuleManager: Shutting down and abandoning module FunctionalTesting (186)
[2017.04.04-06.53.46:763][145]LogModuleManager: Shutting down and abandoning module CollisionAnalyzer (184)
[2017.04.04-06.53.46:763][145]LogModuleManager: Shutting down and abandoning module UMG (182)
[2017.04.04-06.53.46:763][145]LogModuleManager: Shutting down and abandoning module UMGEditor (181)
[2017.04.04-06.53.46:763][145]LogModuleManager: Shutting down and abandoning module Sequencer (180)
[2017.04.04-06.53.46:763][145]LogModuleManager: Shutting down and abandoning module AssetTools (178)
[2017.04.04-06.53.46:763][145]LogModuleManager: Shutting down and abandoning module MessageLog (177)
[2017.04.04-06.53.46:763][145]LogModuleManager: Shutting down and abandoning module WorkspaceMenuStructure (176)
[2017.04.04-06.53.46:764][145]LogModuleManager: Shutting down and abandoning module SlateReflector (170)
[2017.04.04-06.53.46:764][145]LogModuleManager: Shutting down and abandoning module Slate (168)
[2017.04.04-06.53.46:764][145]LogModuleManager: Shutting down and abandoning module EditorStyle (166)
[2017.04.04-06.53.46:775][145]LogModuleManager: Shutting down and abandoning module SourceCodeAccess (164)
[2017.04.04-06.53.46:775][145]LogModuleManager: Shutting down and abandoning module HeadMountedDisplay (162)
[2017.04.04-06.53.46:775][145]LogModuleManager: Shutting down and abandoning module XAudio2 (160)
[2017.04.04-06.53.46:775][145]LogModuleManager: Shutting down and abandoning module Networking (158)
[2017.04.04-06.53.46:775][145]LogModuleManager: Shutting down and abandoning module Core (154)
[2017.04.04-06.53.46:775][145]LogModuleManager: Shutting down and abandoning module AssetRegistry (152)
[2017.04.04-06.53.47:064][145]LogDirectoryWatcher: A directory notification for '../../../Engine/Content/' was aborted.
[2017.04.04-06.53.47:064][145]LogDirectoryWatcher: A directory notification for '../../../../../../Documents/Github/test0404/MyProject0404/Content/' was aborted.
[2017.04.04-06.53.47:064][145]LogDirectoryWatcher: A directory notification for '../../../Engine/Plugins/2D/Paper2D/Content/' was aborted.
[2017.04.04-06.53.47:065][145]LogModuleManager: Shutting down and abandoning module DirectoryWatcher (151)
[2017.04.04-06.53.47:065][145]LogModuleManager: Shutting down and abandoning module KismetCompiler (148)
[2017.04.04-06.53.47:065][145]LogModuleManager: Shutting down and abandoning module PhysXFormats (146)
[2017.04.04-06.53.47:065][145]LogModuleManager: Shutting down and abandoning module MeshUtilities (144)
[2017.04.04-06.53.47:066][145]LogModuleManager: Shutting down and abandoning module SimplygonSwarm (143)
[2017.04.04-06.53.47:066][145]LogModuleManager: Shutting down and abandoning module SimplygonMeshReduction (141)
[2017.04.04-06.53.47:066][145]LogModuleManager: Shutting down and abandoning module QuadricMeshReduction (139)
[2017.04.04-06.53.47:066][145]LogModuleManager: Shutting down and abandoning module PropertyEditor (137)
[2017.04.04-06.53.47:116][145]LogModuleManager: Shutting down and abandoning module DerivedDataCache (134)
[2017.04.04-06.53.47:159][145]LogDerivedDataCache: Shutdown
[2017.04.04-06.53.47:159][145]LogModuleManager: Shutting down and abandoning module TargetPlatform (132)
[2017.04.04-06.53.47:159][145]LogModuleManager: Shutting down and abandoning module VulkanShaderFormat (131)
[2017.04.04-06.53.47:159][145]LogModuleManager: Shutting down and abandoning module ShaderFormatOpenGL (129)
[2017.04.04-06.53.47:159][145]LogModuleManager: Shutting down and abandoning module ShaderFormatD3D (127)
[2017.04.04-06.53.47:159][145]LogModuleManager: Shutting down and abandoning module MetalShaderFormat (125)
[2017.04.04-06.53.47:159][145]LogModuleManager: Shutting down and abandoning module TextureFormatUncompressed (123)
[2017.04.04-06.53.47:159][145]LogModuleManager: Shutting down and abandoning module TextureFormatPVR (121)
[2017.04.04-06.53.47:159][145]LogModuleManager: Shutting down and abandoning module TextureFormatDXT (119)
[2017.04.04-06.53.47:159][145]LogModuleManager: Shutting down and abandoning module TextureFormatIntelISPCTexComp (117)
[2017.04.04-06.53.47:160][145]LogModuleManager: Shutting down and abandoning module TextureFormatASTC (115)
[2017.04.04-06.53.47:160][145]LogModuleManager: Shutting down and abandoning module ImageWrapper (114)
[2017.04.04-06.53.47:160][145]LogModuleManager: Shutting down and abandoning module TextureFormatAndroid (111)
[2017.04.04-06.53.47:160][145]LogModuleManager: Shutting down and abandoning module AudioFormatOpus (109)
[2017.04.04-06.53.47:160][145]LogModuleManager: Shutting down and abandoning module AudioFormatOgg (107)
[2017.04.04-06.53.47:160][145]LogModuleManager: Shutting down and abandoning module AudioFormatADPCM (105)
[2017.04.04-06.53.47:160][145]LogModuleManager: Shutting down and abandoning module LinuxTargetPlatform (103)
[2017.04.04-06.53.47:160][145]LogModuleManager: Shutting down and abandoning module LinuxServerTargetPlatform (101)
[2017.04.04-06.53.47:160][145]LogModuleManager: Shutting down and abandoning module LinuxNoEditorTargetPlatform (99)
[2017.04.04-06.53.47:160][145]LogModuleManager: Shutting down and abandoning module LinuxClientTargetPlatform (97)
[2017.04.04-06.53.47:160][145]LogModuleManager: Shutting down and abandoning module TVOSTargetPlatform (95)
[2017.04.04-06.53.47:160][145]LogModuleManager: Shutting down and abandoning module Messaging (93)
[2017.04.04-06.53.47:160][145]LogModuleManager: Shutting down and abandoning module IOSTargetPlatform (91)
[2017.04.04-06.53.47:160][145]LogModuleManager: Shutting down and abandoning module HTML5TargetPlatform (89)
[2017.04.04-06.53.47:160][145]LogModuleManager: Shutting down and abandoning module Android_PVRTCTargetPlatform (87)
[2017.04.04-06.53.47:160][145]LogModuleManager: Shutting down and abandoning module Android_MultiTargetPlatform (85)
[2017.04.04-06.53.47:160][145]LogModuleManager: Shutting down and abandoning module Android_ETC2TargetPlatform (83)
[2017.04.04-06.53.47:160][145]LogModuleManager: Shutting down and abandoning module Android_ETC1TargetPlatform (81)
[2017.04.04-06.53.47:160][145]LogModuleManager: Shutting down and abandoning module Android_DXTTargetPlatform (79)
[2017.04.04-06.53.47:160][145]LogModuleManager: Shutting down and abandoning module Android_ATCTargetPlatform (77)
[2017.04.04-06.53.47:160][145]LogModuleManager: Shutting down and abandoning module Android_ASTCTargetPlatform (75)
[2017.04.04-06.53.47:160][145]LogModuleManager: Shutting down and abandoning module AndroidTargetPlatform (73)
[2017.04.04-06.53.47:160][145]LogModuleManager: Shutting down and abandoning module WindowsTargetPlatform (71)
[2017.04.04-06.53.47:160][145]LogModuleManager: Shutting down and abandoning module WindowsServerTargetPlatform (69)
[2017.04.04-06.53.47:160][145]LogModuleManager: Shutting down and abandoning module WindowsNoEditorTargetPlatform (67)
[2017.04.04-06.53.47:160][145]LogModuleManager: Shutting down and abandoning module WindowsClientTargetPlatform (65)
[2017.04.04-06.53.47:160][145]LogModuleManager: Shutting down and abandoning module MacTargetPlatform (63)
[2017.04.04-06.53.47:160][145]LogModuleManager: Shutting down and abandoning module MacServerTargetPlatform (61)
[2017.04.04-06.53.47:160][145]LogModuleManager: Shutting down and abandoning module MacNoEditorTargetPlatform (59)
[2017.04.04-06.53.47:160][145]LogModuleManager: Shutting down and abandoning module MacClientTargetPlatform (57)
[2017.04.04-06.53.47:160][145]LogModuleManager: Shutting down and abandoning module AllDesktopTargetPlatform (55)
[2017.04.04-06.53.47:160][145]LogModuleManager: Shutting down and abandoning module InputCore (52)
[2017.04.04-06.53.47:160][145]LogModuleManager: Shutting down and abandoning module Settings (50)
[2017.04.04-06.53.47:160][145]LogModuleManager: Shutting down and abandoning module OculusRift (48)
[2017.04.04-06.53.47:160][145]LogModuleManager: Shutting down and abandoning module GearVR (46)
[2017.04.04-06.53.47:160][145]LogModuleManager: Shutting down and abandoning module ExampleDeviceProfileSelector (44)
[2017.04.04-06.53.47:160][145]LogModuleManager: Shutting down and abandoning module OnlineBlueprintSupport (42)
[2017.04.04-06.53.47:160][145]LogModuleManager: Shutting down and abandoning module OnlineSubsystem (38)
[2017.04.04-06.53.47:160][145]LogOnline:Display: Unloading online subsystem: NULL
[2017.04.04-06.53.47:160][145]LogModuleManager: Shutting down and abandoning module XMPP (37)
[2017.04.04-06.53.47:160][145]LogModuleManager: Shutting down and abandoning module HTTP (35)
[2017.04.04-06.53.47:160][145]LogHttp:Display: Http module shutting down, but needs to wait on 1 outstanding Http requests:
[2017.04.04-06.53.47:160][145]LogHttp:Display: 	verb=[POST] url=[https://datarouter.ol.epicgames.com/datarouter/api/v1/public/data?SessionID=%7BF053F9DE-4A59-CF80-5A3B-D99BBD2E0167%7D&AppID=UEEditor.Rocket.Release&AppVersion=4.15.1-3348071%2B%2B%2BUE4%2BRelease-4.15&UserID=cc5a59e3479de45c9b2c048ca0d21f98%7C7d43a765207b4882939463c54aaa9a7c%7Cf9c719f3-9b9e-41e4-acfc-81827d30160f&AppEnvironment=datacollector-binary&UploadType=eteventstream] status=Processing
[2017.04.04-06.53.47:160][145]LogHttp:Display: Sleeping 0.5s to wait for 1 outstanding Http requests.
[2017.04.04-06.53.47:661][145]LogHttp:Display: Sleeping 0.5s to wait for 1 outstanding Http requests.
[2017.04.04-06.53.48:162][145]LogHttp:Warning: 00000246B46F9D80: request failed, libcurl error: 7 (Couldn't connect to server)
[2017.04.04-06.53.48:162][145]LogHttp:Warning: 00000246B46F9D80: libcurl info message cache 0 (Hostname datarouter.ol.epicgames.com was found in DNS cache)
[2017.04.04-06.53.48:162][145]LogHttp:Warning: 00000246B46F9D80: libcurl info message cache 1 (  Trying 34.192.111.22...)
[2017.04.04-06.53.48:162][145]LogHttp:Warning: 00000246B46F9D80: libcurl info message cache 2 (connect to 34.192.111.22 port 443 failed: Connection refused)
[2017.04.04-06.53.48:162][145]LogHttp:Warning: 00000246B46F9D80: libcurl info message cache 3 (  Trying 52.44.156.214...)
[2017.04.04-06.53.48:162][145]LogHttp:Warning: 00000246B46F9D80: libcurl info message cache 4 (connect to 52.44.156.214 port 443 failed: Connection refused)
[2017.04.04-06.53.48:162][145]LogHttp:Warning: 00000246B46F9D80: libcurl info message cache 5 (Failed to connect to datarouter.ol.epicgames.com port 443: Connection refused)
[2017.04.04-06.53.48:162][145]LogHttp:Warning: 00000246B46F9D80: libcurl info message cache 6 (Closing connection 4)
[2017.04.04-06.53.48:187][145]LogModuleManager: Shutting down and abandoning module SSL (34)
[2017.04.04-06.53.48:190][145]LogModuleManager: Shutting down and abandoning module AudioEditor (30)
[2017.04.04-06.53.48:190][145]LogModuleManager: Shutting down and abandoning module TextureCompressor (28)
[2017.04.04-06.53.48:191][145]LogModuleManager: Shutting down and abandoning module ShaderCore (26)
[2017.04.04-06.53.48:191][145]LogModuleManager: Shutting down and abandoning module Landscape (24)
[2017.04.04-06.53.48:191][145]LogModuleManager: Shutting down and abandoning module SlateRHIRenderer (22)
[2017.04.04-06.53.48:194][145]LogModuleManager: Shutting down and abandoning module OpenGLDrv (20)
[2017.04.04-06.53.48:194][145]LogModuleManager: Shutting down and abandoning module D3D11RHI (18)
[2017.04.04-06.53.48:194][145]LogModuleManager: Shutting down and abandoning module AnimGraphRuntime (16)
[2017.04.04-06.53.48:194][145]LogModuleManager: Shutting down and abandoning module Renderer (14)
[2017.04.04-06.53.48:194][145]LogModuleManager: Shutting down and abandoning module Engine (12)
[2017.04.04-06.53.48:194][145]LogModuleManager: Shutting down and abandoning module CoreUObject (10)
[2017.04.04-06.53.48:194][145]LogModuleManager: Shutting down and abandoning module NetworkFile (8)
[2017.04.04-06.53.48:194][145]LogModuleManager: Shutting down and abandoning module StreamingFile (6)
[2017.04.04-06.53.48:194][145]LogModuleManager: Shutting down and abandoning module SandboxFile (4)
[2017.04.04-06.53.48:194][145]LogModuleManager: Shutting down and abandoning module PakFile (2)
[2017.04.04-06.53.48:196][145]LogExit: Exiting.
[2017.04.04-06.53.48:217][145]Log file closed, 04/04/17 15:53:48
